<?xml version="1.0" encoding="UTF-8"?>
<testsuite xmlns:xsi="http://www.w3.org/2001/XMLSchema-instance" xsi:noNamespaceSchemaLocation="https://maven.apache.org/surefire/maven-surefire-plugin/xsd/surefire-test-report-3.0.xsd" version="3.0" name="kg.home.muzzin.qd_automaton.AutomatonTest" time="0.076" tests="2" errors="0" skipped="0" failures="0">
  <properties>
[...]
</properties>
  <testcase name="testTimeStep" classname="kg.home.muzzin.qd_automaton.AutomatonTest" time="0.037">
    <system-out><![CDATA[████████████░██░░░░██████
░░░░░░░░░░░████░░░██░░░░░
░░░░░░░░░░██░░█░░███░░░░░
░░░░░░░░░███░██░██░█░░░░░
░░░░░░░░██░█████████░░░░░
░░░░░░░█████░░░░░░░█░░░░░
░░░░░░██░░░█░░░░░░██░░░░░
░░░░░███░░██░░░░░███░░░░░
░░░░██░█░███░░░░██░█░░░░░
░░░███████░█░░░█████░░░░░
░░██░░░░░███░░██░░░█░░░░░
░███░░░░██░█░███░░██░░░░░
██░█░░░███████░█░███░░░░░
████░░██░░░░░█████░█░░░░█
░░░█░███░░░░██░░░███░░░██
░░████░█░░░███░░██░█░░███
░██░░███░░██░█░█████░██░█
███░██░█░███████░░░██████
░░████████░░░░░█░░██░░░░░
░██░░░░░░█░░░░██░███░░░░░
███░░░░░██░░░█████░█░░░░░
█░█░░░░███░░██░░░███░░░░█
███░░░██░█░███░░██░█░░░██
░░█░░███████░█░█████░░██░
░██░██░░░░░█████░░░█░███░
]]></system-out>
  </testcase>
  <testcase name="testTimeStep2" classname="kg.home.muzzin.qd_automaton.AutomatonTest" time="0.009">
    <system-out><![CDATA[████░█░█░░░░░░█████░░░░░█░██░░░██░█░░░░░░░█░░██░░██░░░░░██░░░░░██░░██░░░░░░███░█
░░░░████░████░░░░░░░███░██░░░█░░░██░█████░█░░░░░░░░░███░░░░███░░░░░░░░████░░░░█░
███░░░░░█░░░░░█████░░░░█░░░█░█░█░░░█░░░░░██░███████░░░░░██░░░░░██████░░░░░░██░█░
░░░░███░█░███░░░░░░░██░█░█░█████░█░█░███░░░█░░░░░░░░███░░░░███░░░░░░░░████░░░███
░██░░░░███░░░░█████░░░█████░░░░░█████░░░░█░█░██████░░░░░██░░░░░██████░░░░░░█░░░░
░░░░██░░░░░██░░░░░░░█░░░░░░░███░░░░░░░██░████░░░░░░░███░░░░███░░░░░░░░████░█░███
░██░░░░███░░░░█████░█░█████░░░░░█████░░░█░░░░░█████░░░░░██░░░░░██████░░░░░███░░░
░░░░██░░░░░██░░░░░░███░░░░░░███░░░░░░░█░█░███░░░░░░░███░░░░███░░░░░░░░███░░░░░██
░██░░░░███░░░░████░░░░░████░░░░░█████░████░░░░█████░░░░░██░░░░░██████░░░░░███░░░
░░░░██░░░░░██░░░░░░███░░░░░░███░░░░░░█░░░░░██░░░░░░░███░░░░███░░░░░░░░███░░░░░██
░██░░░░███░░░░████░░░░░████░░░░░████░█░███░░░░█████░░░░░██░░░░░██████░░░░░███░░░
░░░░██░░░░░██░░░░░░███░░░░░░███░░░░░███░░░░██░░░░░░░███░░░░███░░░░░░░░███░░░░░██
░██░░░░███░░░░████░░░░░████░░░░░███░░░░░██░░░░█████░░░░░██░░░░░██████░░░░░███░░░
░░░░██░░░░░██░░░░░░███░░░░░░███░░░░░███░░░░██░░░░░░░███░░░░███░░░░░░░░███░░░░░██
░██░░░░███░░░░████░░░░░████░░░░░███░░░░░██░░░░█████░░░░░██░░░░░██████░░░░░███░░░
░░░░██░░░░░██░░░░░░███░░░░░░███░░░░░███░░░░██░░░░░░░███░░░░███░░░░░░░░███░░░░░██
░██░░░░███░░░░████░░░░░████░░░░░███░░░░░██░░░░█████░░░░░██░░░░░██████░░░░░███░░░
░░░░██░░░░░██░░░░░░███░░░░░░███░░░░░███░░░░██░░░░░░░███░░░░███░░░░░░░░███░░░░░██
░██░░░░███░░░░████░░░░░████░░░░░███░░░░░██░░░░█████░░░░░██░░░░░██████░░░░░███░░░
░░░░██░░░░░██░░░░░░███░░░░░░███░░░░░███░░░░██░░░░░░░███░░░░███░░░░░░░░███░░░░░██
░██░░░░███░░░░████░░░░░████░░░░░███░░░░░██░░░░█████░░░░░██░░░░░██████░░░░░███░░░
░░░░██░░░░░██░░░░░░███░░░░░░███░░░░░███░░░░██░░░░░░░███░░░░███░░░░░░░░███░░░░░██
░██░░░░███░░░░████░░░░░████░░░░░███░░░░░██░░░░█████░░░░░██░░░░░██████░░░░░███░░░
░░░░██░░░░░██░░░░░░███░░░░░░███░░░░░███░░░░██░░░░░░░███░░░░███░░░░░░░░███░░░░░██
░██░░░░███░░░░████░░░░░████░░░░░███░░░░░██░░░░█████░░░░░██░░░░░██████░░░░░███░░░
]]></system-out>
  </testcase>
</testsuite>